{
  "stats": {
    "suites": 1,
    "tests": 1,
    "passes": 1,
    "pending": 0,
    "failures": 0,
    "start": "2023-08-11T17:23:14.308Z",
    "end": "2023-08-11T17:23:27.108Z",
    "duration": 12800,
    "testsRegistered": 1,
    "passPercent": 100,
    "pendingPercent": 0,
    "other": 0,
    "hasOther": false,
    "skipped": 0,
    "hasSkipped": false
  },
  "results": [
    {
      "uuid": "26c7daa5-91f3-455e-ae9f-28d98e21b538",
      "title": "",
      "fullFile": "C:\\Users\\18492\\Desktop\\SELENIUM-JS\\tests\\login.spec.js",
      "file": "\\tests\\login.spec.js",
      "beforeHooks": [],
      "afterHooks": [],
      "tests": [],
      "suites": [
        {
          "uuid": "6a2a808d-72d9-42a6-b57f-33f4e1027811",
          "title": "login",
          "fullFile": "C:\\Users\\18492\\Desktop\\SELENIUM-JS\\tests\\login.spec.js",
          "file": "\\tests\\login.spec.js",
          "beforeHooks": [],
          "afterHooks": [],
          "tests": [
            {
              "title": "funcionalidad del login de facebook",
              "fullTitle": "login funcionalidad del login de facebook",
              "timedOut": null,
              "duration": 12419,
              "state": "passed",
              "speed": "slow",
              "pass": true,
              "fail": false,
              "pending": false,
              "context": null,
              "code": "let driver = new Builder().forBrowser(\"chrome\").build();\ntry {\n    await driver.get(\"https://www.facebook.com\");\n    await driver.findElement(By.id(\"email\")).sendKeys(\"pruebadeprog3@hotmail.com\");\n    await driver.findElement(By.css(\"#pass\")).sendKeys(\"Pruebaprog3\");\n    await driver.findElement(By.css('[data-testid=\"royal_login_button\"]')).click();\n    await driver.sleep(8000);\n    // Capturar la pantalla y guardarla en un archivo\n    const screenshot = await driver.takeScreenshot();\n    fs.writeFileSync(\"screenshot.png\", screenshot, \"base64\");\n} finally {\n    // Cerrar el navegador después de la prueba\n    await driver.quit();\n    \n}",
              "err": {},
              "uuid": "fb051426-78f8-413f-a006-3657585d448d",
              "parentUUID": null,
              "isHook": false,
              "skipped": false
            }
          ],
          "suites": [],
          "passes": [
            "fb051426-78f8-413f-a006-3657585d448d"
          ],
          "failures": [],
          "pending": [],
          "skipped": [],
          "duration": 12419,
          "root": false,
          "rootEmpty": false,
          "_timeout": null
        }
      ],
      "passes": [],
      "failures": [],
      "pending": [],
      "skipped": [],
      "duration": 0,
      "root": true,
      "rootEmpty": true,
      "_timeout": 0
    }
  ],
  "meta": {
    "mocha": {
      "version": "10.2.0"
    },
    "mochawesome": {
      "options": {
        "quiet": false,
        "reportFilename": "mochawesome",
        "saveHtml": true,
        "saveJson": true,
        "consoleReporter": "spec",
        "useInlineDiffs": false,
        "code": true
      },
      "version": "7.1.3"
    },
    "marge": {
      "options": null,
      "version": "6.2.0"
    }
  }
}